[debug] [2021-02-18T13:41:37.166Z] ----------------------------------------------------------------------
[debug] [2021-02-18T13:41:37.169Z] Command:       C:\Program Files\nodejs\node.exe C:\Users\RAHUL\AppData\Roaming\npm\node_modules\firebase-tools\lib\bin\firebase.js emulators:start
[debug] [2021-02-18T13:41:37.169Z] CLI Version:   8.19.0
[debug] [2021-02-18T13:41:37.169Z] Platform:      win32
[debug] [2021-02-18T13:41:37.169Z] Node Version:  v14.7.0
[debug] [2021-02-18T13:41:37.173Z] Time:          Thu Feb 18 2021 19:11:37 GMT+0530 (India Standard Time)
[debug] [2021-02-18T13:41:37.174Z] ----------------------------------------------------------------------
[debug] [2021-02-18T13:41:37.174Z] 
[debug] [2021-02-18T13:41:37.178Z] >>> [apiv2][query] GET https://firebase-public.firebaseio.com/cli.json [none]
[debug] [2021-02-18T13:41:37.209Z] > command requires scopes: ["email","openid","https://www.googleapis.com/auth/cloudplatformprojects.readonly","https://www.googleapis.com/auth/firebase","https://www.googleapis.com/auth/cloud-platform"]
[debug] [2021-02-18T13:41:37.210Z] > authorizing via signed-in user
[info] i  emulators: Starting emulators: functions {"metadata":{"emulator":{"name":"hub"},"message":"Starting emulators: functions"}}
[debug] [2021-02-18T13:41:38.263Z] <<< [apiv2][status] GET https://firebase-public.firebaseio.com/cli.json 200
[debug] [2021-02-18T13:41:38.263Z] <<< [apiv2][body] GET https://firebase-public.firebaseio.com/cli.json {"cloudBuildErrorAfter":1594252800000,"cloudBuildWarnAfter":1590019200000,"defaultNode10After":1594252800000,"minVersion":"3.0.5","node8DeploysDisabledAfter":1613390400000,"node8RuntimeDisabledAfter":1615809600000,"node8WarnAfter":1600128000000}
[debug] [2021-02-18T13:41:39.243Z] [hub] writing locator at C:\Users\RAHUL\AppData\Local\Temp\hub-dataroid-stationary.json
[warn] !  functions: The following emulators are not running, calls to these services from the Functions emulator will affect production: auth, firestore, database, hosting, pubsub {"metadata":{"emulator":{"name":"functions"},"message":"The following emulators are not running, calls to these services from the Functions emulator will affect production: \u001b[1mauth, firestore, database, hosting, pubsub\u001b[22m"}}
[warn] !  Your requested "node" version "12" doesn't match your global version "14" {"metadata":{"emulator":{"name":"functions"},"message":"Your requested \"node\" version \"12\" doesn't match your global version \"14\""}}
[debug] [2021-02-18T13:41:41.275Z] defaultcredentials: writing to file C:\Users\RAHUL\AppData\Roaming\firebase\csmishimedia_gmail_com_application_default_credentials.json
[debug] [2021-02-18T13:41:41.281Z] Setting GAC to C:\Users\RAHUL\AppData\Roaming\firebase\csmishimedia_gmail_com_application_default_credentials.json {"metadata":{"emulator":{"name":"functions"},"message":"Setting GAC to C:\\Users\\RAHUL\\AppData\\Roaming\\firebase\\csmishimedia_gmail_com_application_default_credentials.json"}}
[debug] [2021-02-18T13:41:45.316Z] Ignoring unsupported arg: auto_download {"metadata":{"emulator":{"name":"ui"},"message":"Ignoring unsupported arg: auto_download"}}
[debug] [2021-02-18T13:41:45.316Z] Ignoring unsupported arg: port {"metadata":{"emulator":{"name":"ui"},"message":"Ignoring unsupported arg: port"}}
[debug] [2021-02-18T13:41:45.316Z] Starting Emulator UI with command {"binary":"node","args":["C:\\Users\\RAHUL\\.cache\\firebase\\emulators\\ui-v1.3.0\\server.bundle.js"],"optionalArgs":[],"joinArgs":false} {"metadata":{"emulator":{"name":"ui"},"message":"Starting Emulator UI with command {\"binary\":\"node\",\"args\":[\"C:\\\\Users\\\\RAHUL\\\\.cache\\\\firebase\\\\emulators\\\\ui-v1.3.0\\\\server.bundle.js\"],\"optionalArgs\":[],\"joinArgs\":false}"}}
[info] i  ui: Emulator UI logging to ui-debug.log {"metadata":{"emulator":{"name":"ui"},"message":"Emulator UI logging to \u001b[1mui-debug.log\u001b[22m"}}
[debug] [2021-02-18T13:41:45.474Z] Web / API server started at http://localhost:4000
 {"metadata":{"emulator":{"name":"ui"},"message":"Web / API server started at http://localhost:4000\n"}}
[info] i  functions: Watching "C:\Users\RAHUL\OneDrive\rahulvishwakarma6189@gmail.com\Stationary Online Store\stationaryonlinesite\functions" for Cloud Functions... {"metadata":{"emulator":{"name":"functions"},"message":"Watching \"C:\\Users\\RAHUL\\OneDrive\\rahulvishwakarma6189@gmail.com\\Stationary Online Store\\stationaryonlinesite\\functions\" for Cloud Functions..."}}
[debug] [2021-02-18T13:41:45.855Z] [worker-pool] addWorker(~diagnostic~) {"metadata":{"emulator":{"name":"functions"},"message":"[worker-pool] addWorker(~diagnostic~)"}}
[debug] [2021-02-18T13:41:45.856Z] [worker-pool] Adding worker with key ~diagnostic~, total=1 {"metadata":{"emulator":{"name":"functions"},"message":"[worker-pool] Adding worker with key ~diagnostic~, total=1"}}
[debug] [2021-02-18T13:41:45.856Z] [worker-pool] submitWork(triggerId=) {"metadata":{"emulator":{"name":"functions"},"message":"[worker-pool] submitWork(triggerId=)"}}
[debug] [2021-02-18T13:41:45.857Z] [worker-~diagnostic~-f6ec93d3-1f19-459c-9e00-77cbfad8a366]: Assigning socketPath: \\?\pipe\C:\Users\RAHUL\OneDrive\rahulvishwakarma6189@gmail.com\Stationary Online Store\stationaryonlinesite\functions\10816 {"metadata":{"emulator":{"name":"functions"},"message":"[worker-~diagnostic~-f6ec93d3-1f19-459c-9e00-77cbfad8a366]: Assigning socketPath: \\\\?\\pipe\\C:\\Users\\RAHUL\\OneDrive\\rahulvishwakarma6189@gmail.com\\Stationary Online Store\\stationaryonlinesite\\functions\\10816"}}
[debug] [2021-02-18T13:41:45.858Z] [worker-~diagnostic~-f6ec93d3-1f19-459c-9e00-77cbfad8a366]: BUSY {"metadata":{"emulator":{"name":"functions"},"message":"[worker-~diagnostic~-f6ec93d3-1f19-459c-9e00-77cbfad8a366]: BUSY"}}
[debug] [2021-02-18T13:41:46.141Z] [runtime-status] [10816] Functions runtime initialized. {"cwd":"C:\\Users\\RAHUL\\OneDrive\\rahulvishwakarma6189@gmail.com\\Stationary Online Store\\stationaryonlinesite\\functions","node_version":"14.7.0"} {"metadata":{"emulator":{"name":"functions"},"message":"[runtime-status] [10816] Functions runtime initialized. {\"cwd\":\"C:\\\\Users\\\\RAHUL\\\\OneDrive\\\\rahulvishwakarma6189@gmail.com\\\\Stationary Online Store\\\\stationaryonlinesite\\\\functions\",\"node_version\":\"14.7.0\"}"}}
[debug] [2021-02-18T13:41:46.143Z] [runtime-status] [10816] Disabled runtime features: undefined {"metadata":{"emulator":{"name":"functions"},"message":"[runtime-status] [10816] Disabled runtime features: undefined"}}
[debug] [2021-02-18T13:41:46.150Z] [runtime-status] [10816] Resolved module firebase-admin {"declared":true,"installed":true,"version":"9.3.0","resolution":"C:\\Users\\RAHUL\\OneDrive\\rahulvishwakarma6189@gmail.com\\Stationary Online Store\\stationaryonlinesite\\functions\\node_modules\\firebase-admin\\lib\\index.js"} {"metadata":{"emulator":{"name":"functions"},"message":"[runtime-status] [10816] Resolved module firebase-admin {\"declared\":true,\"installed\":true,\"version\":\"9.3.0\",\"resolution\":\"C:\\\\Users\\\\RAHUL\\\\OneDrive\\\\rahulvishwakarma6189@gmail.com\\\\Stationary Online Store\\\\stationaryonlinesite\\\\functions\\\\node_modules\\\\firebase-admin\\\\lib\\\\index.js\"}"}}
[debug] [2021-02-18T13:41:46.154Z] [runtime-status] [10816] Resolved module firebase-functions {"declared":true,"installed":true,"version":"3.11.0","resolution":"C:\\Users\\RAHUL\\OneDrive\\rahulvishwakarma6189@gmail.com\\Stationary Online Store\\stationaryonlinesite\\functions\\node_modules\\firebase-functions\\lib\\index.js"} {"metadata":{"emulator":{"name":"functions"},"message":"[runtime-status] [10816] Resolved module firebase-functions {\"declared\":true,\"installed\":true,\"version\":\"3.11.0\",\"resolution\":\"C:\\\\Users\\\\RAHUL\\\\OneDrive\\\\rahulvishwakarma6189@gmail.com\\\\Stationary Online Store\\\\stationaryonlinesite\\\\functions\\\\node_modules\\\\firebase-functions\\\\lib\\\\index.js\"}"}}
[debug] [2021-02-18T13:41:46.157Z] [runtime-status] [10816] Resolved module firebase-functions {"declared":true,"installed":true,"version":"3.11.0","resolution":"C:\\Users\\RAHUL\\OneDrive\\rahulvishwakarma6189@gmail.com\\Stationary Online Store\\stationaryonlinesite\\functions\\node_modules\\firebase-functions\\lib\\index.js"} {"metadata":{"emulator":{"name":"functions"},"message":"[runtime-status] [10816] Resolved module firebase-functions {\"declared\":true,\"installed\":true,\"version\":\"3.11.0\",\"resolution\":\"C:\\\\Users\\\\RAHUL\\\\OneDrive\\\\rahulvishwakarma6189@gmail.com\\\\Stationary Online Store\\\\stationaryonlinesite\\\\functions\\\\node_modules\\\\firebase-functions\\\\lib\\\\index.js\"}"}}
[debug] [2021-02-18T13:41:46.159Z] [runtime-status] [10816] Outgoing network have been stubbed. [{"name":"http","status":"mocked"},{"name":"http","status":"mocked"},{"name":"https","status":"mocked"},{"name":"https","status":"mocked"},{"name":"net","status":"mocked"}] {"metadata":{"emulator":{"name":"functions"},"message":"[runtime-status] [10816] Outgoing network have been stubbed. [{\"name\":\"http\",\"status\":\"mocked\"},{\"name\":\"http\",\"status\":\"mocked\"},{\"name\":\"https\",\"status\":\"mocked\"},{\"name\":\"https\",\"status\":\"mocked\"},{\"name\":\"net\",\"status\":\"mocked\"}]"}}
[debug] [2021-02-18T13:41:46.160Z] [runtime-status] [10816] Resolved module firebase-functions {"declared":true,"installed":true,"version":"3.11.0","resolution":"C:\\Users\\RAHUL\\OneDrive\\rahulvishwakarma6189@gmail.com\\Stationary Online Store\\stationaryonlinesite\\functions\\node_modules\\firebase-functions\\lib\\index.js"} {"metadata":{"emulator":{"name":"functions"},"message":"[runtime-status] [10816] Resolved module firebase-functions {\"declared\":true,\"installed\":true,\"version\":\"3.11.0\",\"resolution\":\"C:\\\\Users\\\\RAHUL\\\\OneDrive\\\\rahulvishwakarma6189@gmail.com\\\\Stationary Online Store\\\\stationaryonlinesite\\\\functions\\\\node_modules\\\\firebase-functions\\\\lib\\\\index.js\"}"}}
[debug] [2021-02-18T13:41:46.259Z] [runtime-status] [10816] Checked functions.config() {"config":{}} {"metadata":{"emulator":{"name":"functions"},"message":"[runtime-status] [10816] Checked functions.config() {\"config\":{}}"}}
[debug] [2021-02-18T13:41:46.260Z] [runtime-status] [10816] firebase-functions has been stubbed. {"functionsResolution":{"declared":true,"installed":true,"version":"3.11.0","resolution":"C:\\Users\\RAHUL\\OneDrive\\rahulvishwakarma6189@gmail.com\\Stationary Online Store\\stationaryonlinesite\\functions\\node_modules\\firebase-functions\\lib\\index.js"}} {"metadata":{"emulator":{"name":"functions"},"message":"[runtime-status] [10816] firebase-functions has been stubbed. {\"functionsResolution\":{\"declared\":true,\"installed\":true,\"version\":\"3.11.0\",\"resolution\":\"C:\\\\Users\\\\RAHUL\\\\OneDrive\\\\rahulvishwakarma6189@gmail.com\\\\Stationary Online Store\\\\stationaryonlinesite\\\\functions\\\\node_modules\\\\firebase-functions\\\\lib\\\\index.js\"}}"}}
[debug] [2021-02-18T13:41:46.260Z] [runtime-status] [10816] Resolved module firebase-functions {"declared":true,"installed":true,"version":"3.11.0","resolution":"C:\\Users\\RAHUL\\OneDrive\\rahulvishwakarma6189@gmail.com\\Stationary Online Store\\stationaryonlinesite\\functions\\node_modules\\firebase-functions\\lib\\index.js"} {"metadata":{"emulator":{"name":"functions"},"message":"[runtime-status] [10816] Resolved module firebase-functions {\"declared\":true,\"installed\":true,\"version\":\"3.11.0\",\"resolution\":\"C:\\\\Users\\\\RAHUL\\\\OneDrive\\\\rahulvishwakarma6189@gmail.com\\\\Stationary Online Store\\\\stationaryonlinesite\\\\functions\\\\node_modules\\\\firebase-functions\\\\lib\\\\index.js\"}"}}
[debug] [2021-02-18T13:41:46.262Z] [runtime-status] [10816] Resolved module firebase-admin {"declared":true,"installed":true,"version":"9.3.0","resolution":"C:\\Users\\RAHUL\\OneDrive\\rahulvishwakarma6189@gmail.com\\Stationary Online Store\\stationaryonlinesite\\functions\\node_modules\\firebase-admin\\lib\\index.js"} {"metadata":{"emulator":{"name":"functions"},"message":"[runtime-status] [10816] Resolved module firebase-admin {\"declared\":true,\"installed\":true,\"version\":\"9.3.0\",\"resolution\":\"C:\\\\Users\\\\RAHUL\\\\OneDrive\\\\rahulvishwakarma6189@gmail.com\\\\Stationary Online Store\\\\stationaryonlinesite\\\\functions\\\\node_modules\\\\firebase-admin\\\\lib\\\\index.js\"}"}}
[debug] [2021-02-18T13:41:46.263Z] [runtime-status] [10816] Resolved module firebase-functions {"declared":true,"installed":true,"version":"3.11.0","resolution":"C:\\Users\\RAHUL\\OneDrive\\rahulvishwakarma6189@gmail.com\\Stationary Online Store\\stationaryonlinesite\\functions\\node_modules\\firebase-functions\\lib\\index.js"} {"metadata":{"emulator":{"name":"functions"},"message":"[runtime-status] [10816] Resolved module firebase-functions {\"declared\":true,\"installed\":true,\"version\":\"3.11.0\",\"resolution\":\"C:\\\\Users\\\\RAHUL\\\\OneDrive\\\\rahulvishwakarma6189@gmail.com\\\\Stationary Online Store\\\\stationaryonlinesite\\\\functions\\\\node_modules\\\\firebase-functions\\\\lib\\\\index.js\"}"}}
[debug] [2021-02-18T13:41:46.263Z] [runtime-status] [10816] firebase-admin has been stubbed. {"adminResolution":{"declared":true,"installed":true,"version":"9.3.0","resolution":"C:\\Users\\RAHUL\\OneDrive\\rahulvishwakarma6189@gmail.com\\Stationary Online Store\\stationaryonlinesite\\functions\\node_modules\\firebase-admin\\lib\\index.js"}} {"metadata":{"emulator":{"name":"functions"},"message":"[runtime-status] [10816] firebase-admin has been stubbed. {\"adminResolution\":{\"declared\":true,\"installed\":true,\"version\":\"9.3.0\",\"resolution\":\"C:\\\\Users\\\\RAHUL\\\\OneDrive\\\\rahulvishwakarma6189@gmail.com\\\\Stationary Online Store\\\\stationaryonlinesite\\\\functions\\\\node_modules\\\\firebase-admin\\\\lib\\\\index.js\"}}"}}
[info] +  functions[api]: http function initialized (http://localhost:5001/dataroid-stationary/us-central1/api). {"metadata":{"emulator":{"name":"functions"},"message":"\u001b[1mhttp\u001b[22m function initialized (http://localhost:5001/dataroid-stationary/us-central1/api)."}}
[info] 
┌────────────────────────────────────────────────────────────────┐
│ ✔  All emulators ready! View status and logs at localhost:4000 │
└────────────────────────────────────────────────────────────────┘

┌───────────┬────────────────┬──────────────────────────┐
│ Emulator  │ Host:Port      │ View in Emulator UI      │
├───────────┼────────────────┼──────────────────────────┤
│ Functions │ localhost:5001 │ localhost:4000/functions │
└───────────┴────────────────┴──────────────────────────┘
  Other reserved ports: 4400, 4500

Issues? Report them at https://github.com/firebase/firebase-tools/issues and attach the *-debug.log files.
 
[debug] [2021-02-18T13:41:46.780Z] [worker-~diagnostic~-f6ec93d3-1f19-459c-9e00-77cbfad8a366]: IDLE {"metadata":{"emulator":{"name":"functions"},"message":"[worker-~diagnostic~-f6ec93d3-1f19-459c-9e00-77cbfad8a366]: IDLE"}}
[debug] [2021-02-18T13:42:12.718Z] [work-queue] {"queueLength":1,"workRunningCount":0}
[debug] [2021-02-18T13:42:12.719Z] [work-queue] {"queueLength":0,"workRunningCount":1}
[debug] [2021-02-18T13:42:12.719Z] Accepted request GET /dataroid-stationary/us-central1/api --> api
[debug] [2021-02-18T13:42:12.728Z] [worker-pool] addWorker(api) {"metadata":{"emulator":{"name":"functions"},"message":"[worker-pool] addWorker(api)"}}
[debug] [2021-02-18T13:42:12.729Z] [worker-pool] Adding worker with key api, total=1 {"metadata":{"emulator":{"name":"functions"},"message":"[worker-pool] Adding worker with key api, total=1"}}
[debug] [2021-02-18T13:42:12.729Z] [worker-pool] submitWork(triggerId=api) {"metadata":{"emulator":{"name":"functions"},"message":"[worker-pool] submitWork(triggerId=api)"}}
[debug] [2021-02-18T13:42:12.730Z] [worker-api-b53aefc1-6284-4af4-b6ba-7ad8c1a4bbc4]: Assigning socketPath: \\?\pipe\C:\Users\RAHUL\OneDrive\rahulvishwakarma6189@gmail.com\Stationary Online Store\stationaryonlinesite\functions\11232 {"metadata":{"emulator":{"name":"functions"},"message":"[worker-api-b53aefc1-6284-4af4-b6ba-7ad8c1a4bbc4]: Assigning socketPath: \\\\?\\pipe\\C:\\Users\\RAHUL\\OneDrive\\rahulvishwakarma6189@gmail.com\\Stationary Online Store\\stationaryonlinesite\\functions\\11232"}}
[debug] [2021-02-18T13:42:12.730Z] [worker-api-b53aefc1-6284-4af4-b6ba-7ad8c1a4bbc4]: BUSY {"metadata":{"emulator":{"name":"functions"},"message":"[worker-api-b53aefc1-6284-4af4-b6ba-7ad8c1a4bbc4]: BUSY"}}
[debug] [2021-02-18T13:42:13.182Z] [runtime-status] [11232] Functions runtime initialized. {"cwd":"C:\\Users\\RAHUL\\OneDrive\\rahulvishwakarma6189@gmail.com\\Stationary Online Store\\stationaryonlinesite\\functions","node_version":"14.7.0"} {"metadata":{"emulator":{"name":"functions"},"function":{"name":"api"},"message":"[runtime-status] [11232] Functions runtime initialized. {\"cwd\":\"C:\\\\Users\\\\RAHUL\\\\OneDrive\\\\rahulvishwakarma6189@gmail.com\\\\Stationary Online Store\\\\stationaryonlinesite\\\\functions\",\"node_version\":\"14.7.0\"}"}}
[debug] [2021-02-18T13:42:13.187Z] [runtime-status] [11232] Disabled runtime features: undefined {"metadata":{"emulator":{"name":"functions"},"function":{"name":"api"},"message":"[runtime-status] [11232] Disabled runtime features: undefined"}}
[debug] [2021-02-18T13:42:13.196Z] [runtime-status] [11232] Resolved module firebase-admin {"declared":true,"installed":true,"version":"9.3.0","resolution":"C:\\Users\\RAHUL\\OneDrive\\rahulvishwakarma6189@gmail.com\\Stationary Online Store\\stationaryonlinesite\\functions\\node_modules\\firebase-admin\\lib\\index.js"} {"metadata":{"emulator":{"name":"functions"},"function":{"name":"api"},"message":"[runtime-status] [11232] Resolved module firebase-admin {\"declared\":true,\"installed\":true,\"version\":\"9.3.0\",\"resolution\":\"C:\\\\Users\\\\RAHUL\\\\OneDrive\\\\rahulvishwakarma6189@gmail.com\\\\Stationary Online Store\\\\stationaryonlinesite\\\\functions\\\\node_modules\\\\firebase-admin\\\\lib\\\\index.js\"}"}}
[debug] [2021-02-18T13:42:13.202Z] [runtime-status] [11232] Resolved module firebase-functions {"declared":true,"installed":true,"version":"3.11.0","resolution":"C:\\Users\\RAHUL\\OneDrive\\rahulvishwakarma6189@gmail.com\\Stationary Online Store\\stationaryonlinesite\\functions\\node_modules\\firebase-functions\\lib\\index.js"} {"metadata":{"emulator":{"name":"functions"},"function":{"name":"api"},"message":"[runtime-status] [11232] Resolved module firebase-functions {\"declared\":true,\"installed\":true,\"version\":\"3.11.0\",\"resolution\":\"C:\\\\Users\\\\RAHUL\\\\OneDrive\\\\rahulvishwakarma6189@gmail.com\\\\Stationary Online Store\\\\stationaryonlinesite\\\\functions\\\\node_modules\\\\firebase-functions\\\\lib\\\\index.js\"}"}}
[debug] [2021-02-18T13:42:13.204Z] [runtime-status] [11232] Resolved module firebase-functions {"declared":true,"installed":true,"version":"3.11.0","resolution":"C:\\Users\\RAHUL\\OneDrive\\rahulvishwakarma6189@gmail.com\\Stationary Online Store\\stationaryonlinesite\\functions\\node_modules\\firebase-functions\\lib\\index.js"} {"metadata":{"emulator":{"name":"functions"},"function":{"name":"api"},"message":"[runtime-status] [11232] Resolved module firebase-functions {\"declared\":true,\"installed\":true,\"version\":\"3.11.0\",\"resolution\":\"C:\\\\Users\\\\RAHUL\\\\OneDrive\\\\rahulvishwakarma6189@gmail.com\\\\Stationary Online Store\\\\stationaryonlinesite\\\\functions\\\\node_modules\\\\firebase-functions\\\\lib\\\\index.js\"}"}}
[debug] [2021-02-18T13:42:13.208Z] [runtime-status] [11232] Outgoing network have been stubbed. [{"name":"http","status":"mocked"},{"name":"http","status":"mocked"},{"name":"https","status":"mocked"},{"name":"https","status":"mocked"},{"name":"net","status":"mocked"}] {"metadata":{"emulator":{"name":"functions"},"function":{"name":"api"},"message":"[runtime-status] [11232] Outgoing network have been stubbed. [{\"name\":\"http\",\"status\":\"mocked\"},{\"name\":\"http\",\"status\":\"mocked\"},{\"name\":\"https\",\"status\":\"mocked\"},{\"name\":\"https\",\"status\":\"mocked\"},{\"name\":\"net\",\"status\":\"mocked\"}]"}}
[debug] [2021-02-18T13:42:13.209Z] [runtime-status] [11232] Resolved module firebase-functions {"declared":true,"installed":true,"version":"3.11.0","resolution":"C:\\Users\\RAHUL\\OneDrive\\rahulvishwakarma6189@gmail.com\\Stationary Online Store\\stationaryonlinesite\\functions\\node_modules\\firebase-functions\\lib\\index.js"} {"metadata":{"emulator":{"name":"functions"},"function":{"name":"api"},"message":"[runtime-status] [11232] Resolved module firebase-functions {\"declared\":true,\"installed\":true,\"version\":\"3.11.0\",\"resolution\":\"C:\\\\Users\\\\RAHUL\\\\OneDrive\\\\rahulvishwakarma6189@gmail.com\\\\Stationary Online Store\\\\stationaryonlinesite\\\\functions\\\\node_modules\\\\firebase-functions\\\\lib\\\\index.js\"}"}}
[debug] [2021-02-18T13:42:13.316Z] [runtime-status] [11232] Checked functions.config() {"config":{}} {"metadata":{"emulator":{"name":"functions"},"function":{"name":"api"},"message":"[runtime-status] [11232] Checked functions.config() {\"config\":{}}"}}
[debug] [2021-02-18T13:42:13.317Z] [runtime-status] [11232] firebase-functions has been stubbed. {"functionsResolution":{"declared":true,"installed":true,"version":"3.11.0","resolution":"C:\\Users\\RAHUL\\OneDrive\\rahulvishwakarma6189@gmail.com\\Stationary Online Store\\stationaryonlinesite\\functions\\node_modules\\firebase-functions\\lib\\index.js"}} {"metadata":{"emulator":{"name":"functions"},"function":{"name":"api"},"message":"[runtime-status] [11232] firebase-functions has been stubbed. {\"functionsResolution\":{\"declared\":true,\"installed\":true,\"version\":\"3.11.0\",\"resolution\":\"C:\\\\Users\\\\RAHUL\\\\OneDrive\\\\rahulvishwakarma6189@gmail.com\\\\Stationary Online Store\\\\stationaryonlinesite\\\\functions\\\\node_modules\\\\firebase-functions\\\\lib\\\\index.js\"}}"}}
[debug] [2021-02-18T13:42:13.318Z] [runtime-status] [11232] Resolved module firebase-functions {"declared":true,"installed":true,"version":"3.11.0","resolution":"C:\\Users\\RAHUL\\OneDrive\\rahulvishwakarma6189@gmail.com\\Stationary Online Store\\stationaryonlinesite\\functions\\node_modules\\firebase-functions\\lib\\index.js"} {"metadata":{"emulator":{"name":"functions"},"function":{"name":"api"},"message":"[runtime-status] [11232] Resolved module firebase-functions {\"declared\":true,\"installed\":true,\"version\":\"3.11.0\",\"resolution\":\"C:\\\\Users\\\\RAHUL\\\\OneDrive\\\\rahulvishwakarma6189@gmail.com\\\\Stationary Online Store\\\\stationaryonlinesite\\\\functions\\\\node_modules\\\\firebase-functions\\\\lib\\\\index.js\"}"}}
[debug] [2021-02-18T13:42:13.320Z] [runtime-status] [11232] Resolved module firebase-admin {"declared":true,"installed":true,"version":"9.3.0","resolution":"C:\\Users\\RAHUL\\OneDrive\\rahulvishwakarma6189@gmail.com\\Stationary Online Store\\stationaryonlinesite\\functions\\node_modules\\firebase-admin\\lib\\index.js"} {"metadata":{"emulator":{"name":"functions"},"function":{"name":"api"},"message":"[runtime-status] [11232] Resolved module firebase-admin {\"declared\":true,\"installed\":true,\"version\":\"9.3.0\",\"resolution\":\"C:\\\\Users\\\\RAHUL\\\\OneDrive\\\\rahulvishwakarma6189@gmail.com\\\\Stationary Online Store\\\\stationaryonlinesite\\\\functions\\\\node_modules\\\\firebase-admin\\\\lib\\\\index.js\"}"}}
[debug] [2021-02-18T13:42:13.321Z] [runtime-status] [11232] Resolved module firebase-functions {"declared":true,"installed":true,"version":"3.11.0","resolution":"C:\\Users\\RAHUL\\OneDrive\\rahulvishwakarma6189@gmail.com\\Stationary Online Store\\stationaryonlinesite\\functions\\node_modules\\firebase-functions\\lib\\index.js"} {"metadata":{"emulator":{"name":"functions"},"function":{"name":"api"},"message":"[runtime-status] [11232] Resolved module firebase-functions {\"declared\":true,\"installed\":true,\"version\":\"3.11.0\",\"resolution\":\"C:\\\\Users\\\\RAHUL\\\\OneDrive\\\\rahulvishwakarma6189@gmail.com\\\\Stationary Online Store\\\\stationaryonlinesite\\\\functions\\\\node_modules\\\\firebase-functions\\\\lib\\\\index.js\"}"}}
[debug] [2021-02-18T13:42:13.321Z] [runtime-status] [11232] firebase-admin has been stubbed. {"adminResolution":{"declared":true,"installed":true,"version":"9.3.0","resolution":"C:\\Users\\RAHUL\\OneDrive\\rahulvishwakarma6189@gmail.com\\Stationary Online Store\\stationaryonlinesite\\functions\\node_modules\\firebase-admin\\lib\\index.js"}} {"metadata":{"emulator":{"name":"functions"},"function":{"name":"api"},"message":"[runtime-status] [11232] firebase-admin has been stubbed. {\"adminResolution\":{\"declared\":true,\"installed\":true,\"version\":\"9.3.0\",\"resolution\":\"C:\\\\Users\\\\RAHUL\\\\OneDrive\\\\rahulvishwakarma6189@gmail.com\\\\Stationary Online Store\\\\stationaryonlinesite\\\\functions\\\\node_modules\\\\firebase-admin\\\\lib\\\\index.js\"}}"}}
[debug] [2021-02-18T13:42:13.732Z] [runtime-status] [11232] Trigger "api" has been found, beginning invocation! {"metadata":{"emulator":{"name":"functions"},"function":{"name":"api"},"message":"[runtime-status] [11232] Trigger \"api\" has been found, beginning invocation!"}}
[info] i  functions: Beginning execution of "api" {"metadata":{"emulator":{"name":"functions"},"function":{"name":"api"},"message":"Beginning execution of \"api\""}}
[debug] [2021-02-18T13:42:13.734Z] [runtime-status] [11232] triggerDefinition {"httpsTrigger":{},"name":"api","entryPoint":"api"} {"metadata":{"emulator":{"name":"functions"},"function":{"name":"api"},"message":"[runtime-status] [11232] triggerDefinition {\"httpsTrigger\":{},\"name\":\"api\",\"entryPoint\":\"api\"}"}}
[debug] [2021-02-18T13:42:13.735Z] [runtime-status] [11232] Running api in mode HTTPS {"metadata":{"emulator":{"name":"functions"},"function":{"name":"api"},"message":"[runtime-status] [11232] Running api in mode HTTPS"}}
[debug] [2021-02-18T13:42:13.740Z] [runtime-status] [11232] Attempting to listen to socketPath: \\?\pipe\C:\Users\RAHUL\OneDrive\rahulvishwakarma6189@gmail.com\Stationary Online Store\stationaryonlinesite\functions\11232 {"metadata":{"emulator":{"name":"functions"},"function":{"name":"api"},"message":"[runtime-status] [11232] Attempting to listen to socketPath: \\\\?\\pipe\\C:\\Users\\RAHUL\\OneDrive\\rahulvishwakarma6189@gmail.com\\Stationary Online Store\\stationaryonlinesite\\functions\\11232"}}
[debug] [2021-02-18T13:42:13.748Z] [functions] Runtime ready! Sending request! {"metadata":{"emulator":{"name":"functions"},"message":"[functions] Runtime ready! Sending request!"}}
[debug] [2021-02-18T13:42:13.767Z] [runtime-status] [11232] Ephemeral server handling GET request {"metadata":{"emulator":{"name":"functions"},"function":{"name":"api"},"message":"[runtime-status] [11232] Ephemeral server handling GET request"}}
[debug] [2021-02-18T13:42:13.786Z] [runtime-status] [11232] Ephemeral server survived. {"metadata":{"emulator":{"name":"functions"},"function":{"name":"api"},"message":"[runtime-status] [11232] Ephemeral server survived."}}
[info] i  functions: Finished "api" in ~1s {"metadata":{"emulator":{"name":"functions"},"function":{"name":"api"},"message":"Finished \"api\" in ~1s"}}
[debug] [2021-02-18T13:42:13.790Z] [worker-api-b53aefc1-6284-4af4-b6ba-7ad8c1a4bbc4]: IDLE {"metadata":{"emulator":{"name":"functions"},"message":"[worker-api-b53aefc1-6284-4af4-b6ba-7ad8c1a4bbc4]: IDLE"}}
[debug] [2021-02-18T13:42:13.792Z] [work-queue] {"queueLength":0,"workRunningCount":0}
[debug] [2021-02-18T13:42:14.091Z] Functions emulator received unknown request at path /favicon.ico
[debug] [2021-02-18T13:43:05.480Z] Functions emulator received unknown request at path /functions
[debug] [2021-02-18T13:43:12.154Z] Functions emulator received unknown request at path /
[debug] [2021-02-18T14:05:37.690Z] [work-queue] {"queueLength":1,"workRunningCount":0}
[debug] [2021-02-18T14:05:37.690Z] [work-queue] {"queueLength":0,"workRunningCount":1}
[debug] [2021-02-18T14:05:37.690Z] Accepted request GET /dataroid-stationary/us-central1/api --> api
[debug] [2021-02-18T14:05:37.691Z] [worker-pool] submitWork(triggerId=api) {"metadata":{"emulator":{"name":"functions"},"message":"[worker-pool] submitWork(triggerId=api)"}}
[debug] [2021-02-18T14:05:37.691Z] [worker-api-b53aefc1-6284-4af4-b6ba-7ad8c1a4bbc4]: Assigning socketPath: \\?\pipe\C:\Users\RAHUL\OneDrive\rahulvishwakarma6189@gmail.com\Stationary Online Store\stationaryonlinesite\functions\11232 {"metadata":{"emulator":{"name":"functions"},"message":"[worker-api-b53aefc1-6284-4af4-b6ba-7ad8c1a4bbc4]: Assigning socketPath: \\\\?\\pipe\\C:\\Users\\RAHUL\\OneDrive\\rahulvishwakarma6189@gmail.com\\Stationary Online Store\\stationaryonlinesite\\functions\\11232"}}
[debug] [2021-02-18T14:05:37.691Z] [worker-api-b53aefc1-6284-4af4-b6ba-7ad8c1a4bbc4]: BUSY {"metadata":{"emulator":{"name":"functions"},"message":"[worker-api-b53aefc1-6284-4af4-b6ba-7ad8c1a4bbc4]: BUSY"}}
[debug] [2021-02-18T14:05:37.693Z] [runtime-status] [11232] Trigger "api" has been found, beginning invocation! {"metadata":{"emulator":{"name":"functions"},"function":{"name":"api"},"message":"[runtime-status] [11232] Trigger \"api\" has been found, beginning invocation!"}}
[info] i  functions: Beginning execution of "api" {"metadata":{"emulator":{"name":"functions"},"function":{"name":"api"},"message":"Beginning execution of \"api\""}}
[debug] [2021-02-18T14:05:37.697Z] [runtime-status] [11232] triggerDefinition {"httpsTrigger":{},"name":"api","entryPoint":"api"} {"metadata":{"emulator":{"name":"functions"},"function":{"name":"api"},"message":"[runtime-status] [11232] triggerDefinition {\"httpsTrigger\":{},\"name\":\"api\",\"entryPoint\":\"api\"}"}}
[debug] [2021-02-18T14:05:37.698Z] [runtime-status] [11232] Running api in mode HTTPS {"metadata":{"emulator":{"name":"functions"},"function":{"name":"api"},"message":"[runtime-status] [11232] Running api in mode HTTPS"}}
[debug] [2021-02-18T14:05:37.698Z] [runtime-status] [11232] Attempting to listen to socketPath: \\?\pipe\C:\Users\RAHUL\OneDrive\rahulvishwakarma6189@gmail.com\Stationary Online Store\stationaryonlinesite\functions\11232 {"metadata":{"emulator":{"name":"functions"},"function":{"name":"api"},"message":"[runtime-status] [11232] Attempting to listen to socketPath: \\\\?\\pipe\\C:\\Users\\RAHUL\\OneDrive\\rahulvishwakarma6189@gmail.com\\Stationary Online Store\\stationaryonlinesite\\functions\\11232"}}
[debug] [2021-02-18T14:05:37.703Z] [functions] Runtime ready! Sending request! {"metadata":{"emulator":{"name":"functions"},"message":"[functions] Runtime ready! Sending request!"}}
[debug] [2021-02-18T14:05:37.716Z] [runtime-status] [11232] Ephemeral server handling GET request {"metadata":{"emulator":{"name":"functions"},"function":{"name":"api"},"message":"[runtime-status] [11232] Ephemeral server handling GET request"}}
[debug] [2021-02-18T14:05:37.719Z] [runtime-status] [11232] Ephemeral server survived. {"metadata":{"emulator":{"name":"functions"},"function":{"name":"api"},"message":"[runtime-status] [11232] Ephemeral server survived."}}
[info] i  functions: Finished "api" in ~1s {"metadata":{"emulator":{"name":"functions"},"function":{"name":"api"},"message":"Finished \"api\" in ~1s"}}
[debug] [2021-02-18T14:05:37.749Z] [worker-api-b53aefc1-6284-4af4-b6ba-7ad8c1a4bbc4]: IDLE {"metadata":{"emulator":{"name":"functions"},"message":"[worker-api-b53aefc1-6284-4af4-b6ba-7ad8c1a4bbc4]: IDLE"}}
[debug] [2021-02-18T14:05:37.749Z] [work-queue] {"queueLength":0,"workRunningCount":0}
